2016-09-16 07:58:33.501  INFO 15148 --- [           main] s.c.a.AnnotationConfigApplicationContext : Refreshing org.springframework.context.annotation.AnnotationConfigApplicationContext@194083fd: startup date [Fri Sep 16 07:58:33 CEST 2016]; root of context hierarchy
2016-09-16 07:58:34.155  INFO 15148 --- [           main] f.a.AutowiredAnnotationBeanPostProcessor : JSR-330 'javax.inject.Inject' annotation found and supported for autowiring
2016-09-16 07:58:34.244  INFO 15148 --- [           main] trationDelegate$BeanPostProcessorChecker : Bean 'configurationPropertiesRebinderAutoConfiguration' of type [class org.springframework.cloud.autoconfigure.ConfigurationPropertiesRebinderAutoConfiguration$$EnhancerBySpringCGLIB$$75560e3e] is not eligible for getting processed by all BeanPostProcessors (for example: not eligible for auto-proxying)

  .   ____          _            __ _ _
 /\\ / ___'_ __ _ _(_)_ __  __ _ \ \ \ \
( ( )\___ | '_ | '_| | '_ \/ _` | \ \ \ \
 \\/  ___)| |_)| | | | | || (_| |  ) ) ) )
  '  |____| .__|_| |_|_| |_\__, | / / / /
 =========|_|==============|___/=/_/_/_/
 :: Spring Boot ::        (v1.3.5.RELEASE)

2016-09-16 07:58:35.065  INFO 15148 --- [           main] i.m.ms.eureka.RegistrationServer         : The following profiles are active: default
2016-09-16 07:58:35.125  INFO 15148 --- [           main] ationConfigEmbeddedWebApplicationContext : Refreshing org.springframework.boot.context.embedded.AnnotationConfigEmbeddedWebApplicationContext@2c45f65d: startup date [Fri Sep 16 07:58:35 CEST 2016]; parent: org.springframework.context.annotation.AnnotationConfigApplicationContext@194083fd
2016-09-16 07:58:39.485  WARN 15148 --- [           main] o.s.c.a.ConfigurationClassPostProcessor  : Cannot enhance @Configuration bean definition 'refreshScope' since its singleton instance has been created too early. The typical cause is a non-static @Bean method with a BeanDefinitionRegistryPostProcessor return type: Consider declaring such methods as 'static'.
2016-09-16 07:58:40.101  INFO 15148 --- [           main] o.s.cloud.context.scope.GenericScope     : BeanFactory id=48d4bdb3-2749-32eb-a956-ca6b901511ac
2016-09-16 07:58:40.156  INFO 15148 --- [           main] f.a.AutowiredAnnotationBeanPostProcessor : JSR-330 'javax.inject.Inject' annotation found and supported for autowiring
2016-09-16 07:58:40.353  INFO 15148 --- [           main] trationDelegate$BeanPostProcessorChecker : Bean 'org.springframework.cloud.autoconfigure.ConfigurationPropertiesRebinderAutoConfiguration' of type [class org.springframework.cloud.autoconfigure.ConfigurationPropertiesRebinderAutoConfiguration$$EnhancerBySpringCGLIB$$75560e3e] is not eligible for getting processed by all BeanPostProcessors (for example: not eligible for auto-proxying)
2016-09-16 07:58:40.425  INFO 15148 --- [           main] trationDelegate$BeanPostProcessorChecker : Bean 'org.springframework.cloud.autoconfigure.RefreshEndpointAutoConfiguration' of type [class org.springframework.cloud.autoconfigure.RefreshEndpointAutoConfiguration$$EnhancerBySpringCGLIB$$1eb51034] is not eligible for getting processed by all BeanPostProcessors (for example: not eligible for auto-proxying)
2016-09-16 07:58:42.768  INFO 15148 --- [           main] s.b.c.e.t.TomcatEmbeddedServletContainer : Tomcat initialized with port(s): 1111 (http)
2016-09-16 07:58:42.880  INFO 15148 --- [           main] o.apache.catalina.core.StandardService   : Starting service Tomcat
2016-09-16 07:58:42.891  INFO 15148 --- [           main] org.apache.catalina.core.StandardEngine  : Starting Servlet Engine: Apache Tomcat/8.0.33
2016-09-16 07:58:43.554  INFO 15148 --- [ost-startStop-1] o.a.c.c.C.[Tomcat].[localhost].[/]       : Initializing Spring embedded WebApplicationContext
2016-09-16 07:58:43.555  INFO 15148 --- [ost-startStop-1] o.s.web.context.ContextLoader            : Root WebApplicationContext: initialization completed in 8430 ms
2016-09-16 07:58:49.632  INFO 15148 --- [ost-startStop-1] o.s.b.c.embedded.FilterRegistrationBean  : Mapping filter: 'metricFilter' to: [/*]
2016-09-16 07:58:49.633  INFO 15148 --- [ost-startStop-1] o.s.b.c.embedded.FilterRegistrationBean  : Mapping filter: 'characterEncodingFilter' to: [/*]
2016-09-16 07:58:49.633  INFO 15148 --- [ost-startStop-1] o.s.b.c.embedded.FilterRegistrationBean  : Mapping filter: 'hiddenHttpMethodFilter' to: [/*]
2016-09-16 07:58:49.646  INFO 15148 --- [ost-startStop-1] o.s.b.c.embedded.FilterRegistrationBean  : Mapping filter: 'httpPutFormContentFilter' to: [/*]
2016-09-16 07:58:49.648  INFO 15148 --- [ost-startStop-1] o.s.b.c.embedded.FilterRegistrationBean  : Mapping filter: 'requestContextFilter' to: [/*]
2016-09-16 07:58:49.648  INFO 15148 --- [ost-startStop-1] o.s.b.c.embedded.FilterRegistrationBean  : Mapping filter: 'webRequestTraceFilter' to: [/*]
2016-09-16 07:58:49.648  INFO 15148 --- [ost-startStop-1] o.s.b.c.embedded.FilterRegistrationBean  : Mapping filter: 'servletContainer' to urls: [/eureka/*]
2016-09-16 07:58:49.658  INFO 15148 --- [ost-startStop-1] o.s.b.c.embedded.FilterRegistrationBean  : Mapping filter: 'applicationContextIdFilter' to: [/*]
2016-09-16 07:58:49.658  INFO 15148 --- [ost-startStop-1] o.s.b.c.e.ServletRegistrationBean        : Mapping servlet: 'dispatcherServlet' to [/]
2016-09-16 07:58:51.167  INFO 15148 --- [ost-startStop-1] c.s.j.s.i.a.WebApplicationImpl           : Initiating Jersey application, version 'Jersey: 1.19.1 03/11/2016 02:08 PM'
2016-09-16 07:58:52.826  INFO 15148 --- [ost-startStop-1] c.n.d.provider.DiscoveryJerseyProvider   : Using JSON encoding codec LegacyJacksonJson
2016-09-16 07:58:52.829  INFO 15148 --- [ost-startStop-1] c.n.d.provider.DiscoveryJerseyProvider   : Using JSON decoding codec LegacyJacksonJson
2016-09-16 07:58:55.246  INFO 15148 --- [ost-startStop-1] c.n.d.provider.DiscoveryJerseyProvider   : Using XML encoding codec XStreamXml
2016-09-16 07:58:55.246  INFO 15148 --- [ost-startStop-1] c.n.d.provider.DiscoveryJerseyProvider   : Using XML decoding codec XStreamXml
2016-09-16 07:59:05.103  INFO 15148 --- [           main] o.s.c.n.eureka.InstanceInfoFactory       : Setting initial instance status as: STARTING
2016-09-16 07:59:06.096  INFO 15148 --- [           main] com.netflix.discovery.DiscoveryClient    : Client configured to neither register nor query for data.
2016-09-16 07:59:07.758  INFO 15148 --- [           main] c.n.eureka.DefaultEurekaServerContext    : Initializing ...
2016-09-16 07:59:07.815  WARN 15148 --- [           main] c.n.eureka.cluster.PeerEurekaNodes       : The replica size seems to be empty. Check the route 53 DNS Registry
2016-09-16 07:59:08.195  INFO 15148 --- [           main] c.n.e.registry.AbstractInstanceRegistry  : Finished initializing remote region registries. All known remote regions: []
2016-09-16 07:59:08.195  INFO 15148 --- [           main] c.n.eureka.DefaultEurekaServerContext    : Initialized
2016-09-16 07:59:12.697  INFO 15148 --- [           main] s.w.s.m.m.a.RequestMappingHandlerAdapter : Looking for @ControllerAdvice: org.springframework.boot.context.embedded.AnnotationConfigEmbeddedWebApplicationContext@2c45f65d: startup date [Fri Sep 16 07:58:35 CEST 2016]; parent: org.springframework.context.annotation.AnnotationConfigApplicationContext@194083fd
2016-09-16 07:59:13.730  INFO 15148 --- [           main] s.w.s.m.m.a.RequestMappingHandlerMapping : Mapped "{[/lastn],methods=[GET]}" onto public java.lang.String org.springframework.cloud.netflix.eureka.server.EurekaController.lastn(javax.servlet.http.HttpServletRequest,java.util.Map<java.lang.String, java.lang.Object>)
2016-09-16 07:59:13.732  INFO 15148 --- [           main] s.w.s.m.m.a.RequestMappingHandlerMapping : Mapped "{[/],methods=[GET]}" onto public java.lang.String org.springframework.cloud.netflix.eureka.server.EurekaController.status(javax.servlet.http.HttpServletRequest,java.util.Map<java.lang.String, java.lang.Object>)
2016-09-16 07:59:13.759  INFO 15148 --- [           main] s.w.s.m.m.a.RequestMappingHandlerMapping : Mapped "{[/error],produces=[text/html]}" onto public org.springframework.web.servlet.ModelAndView org.springframework.boot.autoconfigure.web.BasicErrorController.errorHtml(javax.servlet.http.HttpServletRequest,javax.servlet.http.HttpServletResponse)
2016-09-16 07:59:13.760  INFO 15148 --- [           main] s.w.s.m.m.a.RequestMappingHandlerMapping : Mapped "{[/error]}" onto public org.springframework.http.ResponseEntity<java.util.Map<java.lang.String, java.lang.Object>> org.springframework.boot.autoconfigure.web.BasicErrorController.error(javax.servlet.http.HttpServletRequest)
2016-09-16 07:59:14.283  INFO 15148 --- [           main] o.s.w.s.handler.SimpleUrlHandlerMapping  : Mapped URL path [/webjars/**] onto handler of type [class org.springframework.web.servlet.resource.ResourceHttpRequestHandler]
2016-09-16 07:59:14.283  INFO 15148 --- [           main] o.s.w.s.handler.SimpleUrlHandlerMapping  : Mapped URL path [/**] onto handler of type [class org.springframework.web.servlet.resource.ResourceHttpRequestHandler]
2016-09-16 07:59:14.956  INFO 15148 --- [           main] o.s.w.s.handler.SimpleUrlHandlerMapping  : Mapped URL path [/**/favicon.ico] onto handler of type [class org.springframework.web.servlet.resource.ResourceHttpRequestHandler]
2016-09-16 07:59:21.431  INFO 15148 --- [           main] o.s.b.a.e.mvc.EndpointHandlerMapping     : Mapped "{[/trace || /trace.json],methods=[GET],produces=[application/json]}" onto public java.lang.Object org.springframework.boot.actuate.endpoint.mvc.EndpointMvcAdapter.invoke()
2016-09-16 07:59:21.460  INFO 15148 --- [           main] o.s.b.a.e.mvc.EndpointHandlerMapping     : Mapped "{[/restart || /restart.json],methods=[POST]}" onto public java.lang.Object org.springframework.cloud.context.restart.RestartMvcEndpoint.invoke()
2016-09-16 07:59:21.461  INFO 15148 --- [           main] o.s.b.a.e.mvc.EndpointHandlerMapping     : Mapped "{[/features || /features.json],methods=[GET],produces=[application/json]}" onto public java.lang.Object org.springframework.boot.actuate.endpoint.mvc.EndpointMvcAdapter.invoke()
2016-09-16 07:59:21.491  INFO 15148 --- [           main] o.s.b.a.e.mvc.EndpointHandlerMapping     : Mapped "{[/mappings || /mappings.json],methods=[GET],produces=[application/json]}" onto public java.lang.Object org.springframework.boot.actuate.endpoint.mvc.EndpointMvcAdapter.invoke()
2016-09-16 07:59:21.498  INFO 15148 --- [           main] o.s.b.a.e.mvc.EndpointHandlerMapping     : Mapped "{[/autoconfig || /autoconfig.json],methods=[GET],produces=[application/json]}" onto public java.lang.Object org.springframework.boot.actuate.endpoint.mvc.EndpointMvcAdapter.invoke()
2016-09-16 07:59:21.507  INFO 15148 --- [           main] o.s.b.a.e.mvc.EndpointHandlerMapping     : Mapped "{[/refresh || /refresh.json],methods=[POST]}" onto public java.lang.Object org.springframework.cloud.endpoint.GenericPostableMvcEndpoint.invoke()
2016-09-16 07:59:21.518  INFO 15148 --- [           main] o.s.b.a.e.mvc.EndpointHandlerMapping     : Mapped "{[/info || /info.json],methods=[GET],produces=[application/json]}" onto public java.lang.Object org.springframework.boot.actuate.endpoint.mvc.EndpointMvcAdapter.invoke()
2016-09-16 07:59:21.519  INFO 15148 --- [           main] o.s.b.a.e.mvc.EndpointHandlerMapping     : Mapped "{[/resume || /resume.json],methods=[POST]}" onto public java.lang.Object org.springframework.cloud.endpoint.GenericPostableMvcEndpoint.invoke()
2016-09-16 07:59:21.530  INFO 15148 --- [           main] o.s.b.a.e.mvc.EndpointHandlerMapping     : Mapped "{[/configprops || /configprops.json],methods=[GET],produces=[application/json]}" onto public java.lang.Object org.springframework.boot.actuate.endpoint.mvc.EndpointMvcAdapter.invoke()
2016-09-16 07:59:21.539  INFO 15148 --- [           main] o.s.b.a.e.mvc.EndpointHandlerMapping     : Mapped "{[/archaius || /archaius.json],methods=[GET],produces=[application/json]}" onto public java.lang.Object org.springframework.boot.actuate.endpoint.mvc.EndpointMvcAdapter.invoke()
2016-09-16 07:59:21.555  INFO 15148 --- [           main] o.s.b.a.e.mvc.EndpointHandlerMapping     : Mapped "{[/env/{name:.*}],methods=[GET],produces=[application/json]}" onto public java.lang.Object org.springframework.boot.actuate.endpoint.mvc.EnvironmentMvcEndpoint.value(java.lang.String)
2016-09-16 07:59:21.555  INFO 15148 --- [           main] o.s.b.a.e.mvc.EndpointHandlerMapping     : Mapped "{[/env || /env.json],methods=[GET],produces=[application/json]}" onto public java.lang.Object org.springframework.boot.actuate.endpoint.mvc.EndpointMvcAdapter.invoke()
2016-09-16 07:59:21.568  INFO 15148 --- [           main] o.s.b.a.e.mvc.EndpointHandlerMapping     : Mapped "{[/pause || /pause.json],methods=[POST]}" onto public java.lang.Object org.springframework.cloud.endpoint.GenericPostableMvcEndpoint.invoke()
2016-09-16 07:59:21.569  INFO 15148 --- [           main] o.s.b.a.e.mvc.EndpointHandlerMapping     : Mapped "{[/env],methods=[POST]}" onto public java.lang.Object org.springframework.cloud.context.environment.EnvironmentManagerMvcEndpoint.value(java.util.Map<java.lang.String, java.lang.String>)
2016-09-16 07:59:21.569  INFO 15148 --- [           main] o.s.b.a.e.mvc.EndpointHandlerMapping     : Mapped "{[/env/reset],methods=[POST]}" onto public java.util.Map<java.lang.String, java.lang.Object> org.springframework.cloud.context.environment.EnvironmentManagerMvcEndpoint.reset()
2016-09-16 07:59:21.586  INFO 15148 --- [           main] o.s.b.a.e.mvc.EndpointHandlerMapping     : Mapped "{[/metrics/{name:.*}],methods=[GET],produces=[application/json]}" onto public java.lang.Object org.springframework.boot.actuate.endpoint.mvc.MetricsMvcEndpoint.value(java.lang.String)
2016-09-16 07:59:21.587  INFO 15148 --- [           main] o.s.b.a.e.mvc.EndpointHandlerMapping     : Mapped "{[/metrics || /metrics.json],methods=[GET],produces=[application/json]}" onto public java.lang.Object org.springframework.boot.actuate.endpoint.mvc.EndpointMvcAdapter.invoke()
2016-09-16 07:59:21.588  INFO 15148 --- [           main] o.s.b.a.e.mvc.EndpointHandlerMapping     : Mapped "{[/beans || /beans.json],methods=[GET],produces=[application/json]}" onto public java.lang.Object org.springframework.boot.actuate.endpoint.mvc.EndpointMvcAdapter.invoke()
2016-09-16 07:59:21.588  INFO 15148 --- [           main] o.s.b.a.e.mvc.EndpointHandlerMapping     : Mapped "{[/dump || /dump.json],methods=[GET],produces=[application/json]}" onto public java.lang.Object org.springframework.boot.actuate.endpoint.mvc.EndpointMvcAdapter.invoke()
2016-09-16 07:59:21.589  INFO 15148 --- [           main] o.s.b.a.e.mvc.EndpointHandlerMapping     : Mapped "{[/health || /health.json],produces=[application/json]}" onto public java.lang.Object org.springframework.boot.actuate.endpoint.mvc.HealthMvcEndpoint.invoke(java.security.Principal)
2016-09-16 07:59:22.951  INFO 15148 --- [           main] o.s.ui.freemarker.SpringTemplateLoader   : SpringTemplateLoader for FreeMarker: using resource loader [org.springframework.boot.context.embedded.AnnotationConfigEmbeddedWebApplicationContext@2c45f65d: startup date [Fri Sep 16 07:58:35 CEST 2016]; parent: org.springframework.context.annotation.AnnotationConfigApplicationContext@194083fd] and template loader path [classpath:/templates/]
2016-09-16 07:59:22.971  INFO 15148 --- [           main] o.s.w.s.v.f.FreeMarkerConfigurer         : ClassTemplateLoader for Spring macros added to FreeMarker configuration
2016-09-16 07:59:27.918  WARN 15148 --- [           main] o.s.c.n.a.ArchaiusAutoConfiguration      : No spring.application.name found, defaulting to 'application'
2016-09-16 07:59:27.986  WARN 15148 --- [           main] c.n.c.sources.URLConfigurationSource     : No URLs will be polled as dynamic configuration sources.
2016-09-16 07:59:27.986  INFO 15148 --- [           main] c.n.c.sources.URLConfigurationSource     : To enable URLs as dynamic configuration sources, define System property archaius.configurationSource.additionalUrls or make config.properties available on classpath.
2016-09-16 07:59:28.065  WARN 15148 --- [           main] c.n.c.sources.URLConfigurationSource     : No URLs will be polled as dynamic configuration sources.
2016-09-16 07:59:28.065  INFO 15148 --- [           main] c.n.c.sources.URLConfigurationSource     : To enable URLs as dynamic configuration sources, define System property archaius.configurationSource.additionalUrls or make config.properties available on classpath.
2016-09-16 07:59:29.409  INFO 15148 --- [           main] o.s.j.e.a.AnnotationMBeanExporter        : Registering beans for JMX exposure on startup
2016-09-16 07:59:29.521  INFO 15148 --- [           main] o.s.j.e.a.AnnotationMBeanExporter        : Bean with name 'refreshScope' has been autodetected for JMX exposure
2016-09-16 07:59:29.551  INFO 15148 --- [           main] o.s.j.e.a.AnnotationMBeanExporter        : Bean with name 'environmentManager' has been autodetected for JMX exposure
2016-09-16 07:59:29.571  INFO 15148 --- [           main] o.s.j.e.a.AnnotationMBeanExporter        : Bean with name 'configurationPropertiesRebinder' has been autodetected for JMX exposure
2016-09-16 07:59:29.583  INFO 15148 --- [           main] o.s.j.e.a.AnnotationMBeanExporter        : Bean with name 'refreshEndpoint' has been autodetected for JMX exposure
2016-09-16 07:59:29.591  INFO 15148 --- [           main] o.s.j.e.a.AnnotationMBeanExporter        : Bean with name 'restartEndpoint' has been autodetected for JMX exposure
2016-09-16 07:59:29.615  INFO 15148 --- [           main] o.s.j.e.a.AnnotationMBeanExporter        : Located managed bean 'environmentManager': registering with JMX server as MBean [org.springframework.cloud.context.environment:name=environmentManager,type=EnvironmentManager]
2016-09-16 07:59:29.762  INFO 15148 --- [           main] o.s.j.e.a.AnnotationMBeanExporter        : Located managed bean 'restartEndpoint': registering with JMX server as MBean [org.springframework.cloud.context.restart:name=restartEndpoint,type=RestartEndpoint]
2016-09-16 07:59:29.942  INFO 15148 --- [           main] o.s.j.e.a.AnnotationMBeanExporter        : Located managed bean 'refreshScope': registering with JMX server as MBean [org.springframework.cloud.context.scope.refresh:name=refreshScope,type=RefreshScope]
2016-09-16 07:59:30.094  INFO 15148 --- [           main] o.s.j.e.a.AnnotationMBeanExporter        : Located managed bean 'configurationPropertiesRebinder': registering with JMX server as MBean [org.springframework.cloud.context.properties:name=configurationPropertiesRebinder,context=2c45f65d,type=ConfigurationPropertiesRebinder]
2016-09-16 07:59:30.179  INFO 15148 --- [           main] o.s.j.e.a.AnnotationMBeanExporter        : Located managed bean 'refreshEndpoint': registering with JMX server as MBean [org.springframework.cloud.endpoint:name=refreshEndpoint,type=RefreshEndpoint]
2016-09-16 07:59:32.033  INFO 15148 --- [           main] o.s.c.support.DefaultLifecycleProcessor  : Starting beans in phase 0
2016-09-16 07:59:32.069  INFO 15148 --- [           main] c.n.e.EurekaDiscoveryClientConfiguration : Registering application unknown with eureka with status UP
2016-09-16 07:59:32.072  INFO 15148 --- [       Thread-8] o.s.c.n.e.server.EurekaServerBootstrap   : Setting the eureka configuration..
2016-09-16 07:59:32.082  INFO 15148 --- [       Thread-8] o.s.c.n.e.server.EurekaServerBootstrap   : Eureka data center value eureka.datacenter is not set, defaulting to default
2016-09-16 07:59:32.083  INFO 15148 --- [       Thread-8] o.s.c.n.e.server.EurekaServerBootstrap   : Eureka environment value eureka.environment is not set, defaulting to test
2016-09-16 07:59:32.294  INFO 15148 --- [       Thread-8] o.s.c.n.e.server.EurekaServerBootstrap   : isAws returned false
2016-09-16 07:59:32.296  INFO 15148 --- [       Thread-8] o.s.c.n.e.server.EurekaServerBootstrap   : Initialized server context
2016-09-16 07:59:32.296  INFO 15148 --- [       Thread-8] c.n.e.r.PeerAwareInstanceRegistryImpl    : Got 1 instances from neighboring DS node
2016-09-16 07:59:32.296  INFO 15148 --- [       Thread-8] c.n.e.r.PeerAwareInstanceRegistryImpl    : Renew threshold is: 1
2016-09-16 07:59:32.296  INFO 15148 --- [       Thread-8] c.n.e.r.PeerAwareInstanceRegistryImpl    : Changing status to UP
2016-09-16 07:59:32.345  INFO 15148 --- [       Thread-8] e.s.EurekaServerInitializerConfiguration : Started Eureka Server
2016-09-16 07:59:33.470  INFO 15148 --- [           main] s.b.c.e.t.TomcatEmbeddedServletContainer : Tomcat started on port(s): 1111 (http)
2016-09-16 07:59:33.502  INFO 15148 --- [           main] c.n.e.EurekaDiscoveryClientConfiguration : Updating port to 1111
2016-09-16 07:59:33.560  INFO 15148 --- [           main] i.m.ms.eureka.RegistrationServer         : Started RegistrationServer in 62.07 seconds (JVM running for 64.067)
2016-09-16 08:00:06.054  INFO 15148 --- [nio-1111-exec-1] o.a.c.c.C.[Tomcat].[localhost].[/]       : Initializing Spring FrameworkServlet 'dispatcherServlet'
2016-09-16 08:00:06.054  INFO 15148 --- [nio-1111-exec-1] o.s.web.servlet.DispatcherServlet        : FrameworkServlet 'dispatcherServlet': initialization started
2016-09-16 08:00:06.210  INFO 15148 --- [nio-1111-exec-1] o.s.web.servlet.DispatcherServlet        : FrameworkServlet 'dispatcherServlet': initialization completed in 156 ms
2016-09-16 08:00:10.775  INFO 15148 --- [nio-1111-exec-4] c.n.e.registry.AbstractInstanceRegistry  : Registered instance LOGIN-SERVICE/marco-VirtualBox:login-service:2000 with status UP (replication=false)
2016-09-16 08:00:10.785  INFO 15148 --- [nio-1111-exec-3] c.n.e.registry.AbstractInstanceRegistry  : Registered instance LOGIN-SERVICE/marco-VirtualBox:login-service:2001 with status UP (replication=false)
2016-09-16 08:00:11.357  INFO 15148 --- [nio-1111-exec-6] c.n.e.registry.AbstractInstanceRegistry  : Registered instance LOGIN-SERVICE/marco-VirtualBox:login-service:2002 with status UP (replication=false)
2016-09-16 08:00:13.220  INFO 15148 --- [io-1111-exec-10] c.n.e.registry.AbstractInstanceRegistry  : Registered instance UNKNOWN/marco-VirtualBox:8080 with status UP (replication=false)
2016-09-16 08:03:22.697  INFO 15148 --- [      Thread-11] ationConfigEmbeddedWebApplicationContext : Closing org.springframework.boot.context.embedded.AnnotationConfigEmbeddedWebApplicationContext@2c45f65d: startup date [Fri Sep 16 07:58:35 CEST 2016]; parent: org.springframework.context.annotation.AnnotationConfigApplicationContext@194083fd
2016-09-16 08:03:22.734  INFO 15148 --- [      Thread-11] c.n.e.EurekaDiscoveryClientConfiguration : Unregistering application unknown with eureka with status DOWN
2016-09-16 08:03:22.741  INFO 15148 --- [      Thread-11] o.s.c.support.DefaultLifecycleProcessor  : Stopping beans in phase 0
2016-09-16 08:03:22.803  INFO 15148 --- [      Thread-11] o.s.j.e.a.AnnotationMBeanExporter        : Unregistering JMX-exposed beans on shutdown
2016-09-16 08:03:22.804  INFO 15148 --- [      Thread-11] o.s.j.e.a.AnnotationMBeanExporter        : Unregistering JMX-exposed beans
2016-09-16 08:03:22.810  INFO 15148 --- [      Thread-11] c.n.eureka.DefaultEurekaServerContext    : Shutting down ...
2016-09-16 08:03:22.813  INFO 15148 --- [      Thread-11] c.n.eureka.DefaultEurekaServerContext    : Shut down
