2016-09-13 08:43:30.558  INFO 8166 --- [           main] s.c.a.AnnotationConfigApplicationContext : Refreshing org.springframework.context.annotation.AnnotationConfigApplicationContext@6c420a30: startup date [Tue Sep 13 08:43:30 CEST 2016]; root of context hierarchy
2016-09-13 08:43:43.755  INFO 8166 --- [           main] f.a.AutowiredAnnotationBeanPostProcessor : JSR-330 'javax.inject.Inject' annotation found and supported for autowiring
2016-09-13 08:43:45.149  INFO 8166 --- [           main] trationDelegate$BeanPostProcessorChecker : Bean 'configurationPropertiesRebinderAutoConfiguration' of type [class org.springframework.cloud.autoconfigure.ConfigurationPropertiesRebinderAutoConfiguration$$EnhancerBySpringCGLIB$$dba2ba57] is not eligible for getting processed by all BeanPostProcessors (for example: not eligible for auto-proxying)

  .   ____          _            __ _ _
 /\\ / ___'_ __ _ _(_)_ __  __ _ \ \ \ \
( ( )\___ | '_ | '_| | '_ \/ _` | \ \ \ \
 \\/  ___)| |_)| | | | | || (_| |  ) ) ) )
  '  |____| .__|_| |_|_| |_\__, | / / / /
 =========|_|==============|___/=/_/_/_/
 :: Spring Boot ::        (v1.3.5.RELEASE)

2016-09-13 08:44:08.008  INFO 8166 --- [           main] i.m.ms.service.login.LoginServer         : No active profile set, falling back to default profiles: default
2016-09-13 08:44:08.750  INFO 8166 --- [           main] ationConfigEmbeddedWebApplicationContext : Refreshing org.springframework.boot.context.embedded.AnnotationConfigEmbeddedWebApplicationContext@5d616108: startup date [Tue Sep 13 08:44:08 CEST 2016]; parent: org.springframework.context.annotation.AnnotationConfigApplicationContext@6c420a30
2016-09-13 08:44:57.015  WARN 8166 --- [           main] o.s.c.a.ConfigurationClassPostProcessor  : Cannot enhance @Configuration bean definition 'refreshScope' since its singleton instance has been created too early. The typical cause is a non-static @Bean method with a BeanDefinitionRegistryPostProcessor return type: Consider declaring such methods as 'static'.
2016-09-13 08:45:04.105  INFO 8166 --- [           main] o.s.cloud.context.scope.GenericScope     : BeanFactory id=f3a0ed84-3b54-3a9d-b099-c7ff5f41feb1
2016-09-13 08:45:04.665  INFO 8166 --- [           main] f.a.AutowiredAnnotationBeanPostProcessor : JSR-330 'javax.inject.Inject' annotation found and supported for autowiring
2016-09-13 08:45:06.749  INFO 8166 --- [           main] trationDelegate$BeanPostProcessorChecker : Bean 'org.springframework.cloud.autoconfigure.ConfigurationPropertiesRebinderAutoConfiguration' of type [class org.springframework.cloud.autoconfigure.ConfigurationPropertiesRebinderAutoConfiguration$$EnhancerBySpringCGLIB$$dba2ba57] is not eligible for getting processed by all BeanPostProcessors (for example: not eligible for auto-proxying)
2016-09-13 08:45:07.467  INFO 8166 --- [           main] trationDelegate$BeanPostProcessorChecker : Bean 'org.springframework.cloud.autoconfigure.RefreshEndpointAutoConfiguration' of type [class org.springframework.cloud.autoconfigure.RefreshEndpointAutoConfiguration$$EnhancerBySpringCGLIB$$8501bc4d] is not eligible for getting processed by all BeanPostProcessors (for example: not eligible for auto-proxying)
2016-09-13 08:45:22.084  INFO 8166 --- [           main] s.b.c.e.t.TomcatEmbeddedServletContainer : Tomcat initialized with port(s): 2007 (http)
2016-09-13 08:45:22.718  INFO 8166 --- [           main] o.apache.catalina.core.StandardService   : Starting service Tomcat
2016-09-13 08:45:22.796  INFO 8166 --- [           main] org.apache.catalina.core.StandardEngine  : Starting Servlet Engine: Apache Tomcat/8.0.33
2016-09-13 08:45:26.301  INFO 8166 --- [ost-startStop-1] o.a.c.c.C.[Tomcat].[localhost].[/]       : Initializing Spring embedded WebApplicationContext
2016-09-13 08:45:26.353  INFO 8166 --- [ost-startStop-1] o.s.web.context.ContextLoader            : Root WebApplicationContext: initialization completed in 77603 ms
2016-09-13 08:45:46.888  INFO 8166 --- [ost-startStop-1] o.s.b.c.e.ServletRegistrationBean        : Mapping servlet: 'dispatcherServlet' to [/]
2016-09-13 08:45:47.091  INFO 8166 --- [ost-startStop-1] o.s.b.c.embedded.FilterRegistrationBean  : Mapping filter: 'metricFilter' to: [/*]
2016-09-13 08:45:47.137  INFO 8166 --- [ost-startStop-1] o.s.b.c.embedded.FilterRegistrationBean  : Mapping filter: 'characterEncodingFilter' to: [/*]
2016-09-13 08:45:47.138  INFO 8166 --- [ost-startStop-1] o.s.b.c.embedded.FilterRegistrationBean  : Mapping filter: 'hiddenHttpMethodFilter' to: [/*]
2016-09-13 08:45:47.138  INFO 8166 --- [ost-startStop-1] o.s.b.c.embedded.FilterRegistrationBean  : Mapping filter: 'httpPutFormContentFilter' to: [/*]
2016-09-13 08:45:47.138  INFO 8166 --- [ost-startStop-1] o.s.b.c.embedded.FilterRegistrationBean  : Mapping filter: 'requestContextFilter' to: [/*]
2016-09-13 08:45:47.164  INFO 8166 --- [ost-startStop-1] o.s.b.c.embedded.FilterRegistrationBean  : Mapping filter: 'webRequestLoggingFilter' to: [/*]
2016-09-13 08:45:47.171  INFO 8166 --- [ost-startStop-1] o.s.b.c.embedded.FilterRegistrationBean  : Mapping filter: 'applicationContextIdFilter' to: [/*]
2016-09-13 08:45:48.110  INFO 8166 --- [ost-startStop-1] o.a.c.util.SessionIdGeneratorBase        : Creation of SecureRandom instance for session ID generation using [SHA1PRNG] took [255] milliseconds.
2016-09-13 08:46:04.320  INFO 8166 --- [           main] s.w.s.m.m.a.RequestMappingHandlerAdapter : Looking for @ControllerAdvice: org.springframework.boot.context.embedded.AnnotationConfigEmbeddedWebApplicationContext@5d616108: startup date [Tue Sep 13 08:44:08 CEST 2016]; parent: org.springframework.context.annotation.AnnotationConfigApplicationContext@6c420a30
2016-09-13 08:46:10.665  INFO 8166 --- [           main] s.w.s.m.m.a.RequestMappingHandlerMapping : Mapped "{[/echo]}" onto public java.lang.String it.marcoberri.ms.service.login.restcontroller.LoginRestController.available()
2016-09-13 08:46:10.762  INFO 8166 --- [           main] s.w.s.m.m.a.RequestMappingHandlerMapping : Mapped "{[/error],produces=[text/html]}" onto public org.springframework.web.servlet.ModelAndView org.springframework.boot.autoconfigure.web.BasicErrorController.errorHtml(javax.servlet.http.HttpServletRequest,javax.servlet.http.HttpServletResponse)
2016-09-13 08:46:10.763  INFO 8166 --- [           main] s.w.s.m.m.a.RequestMappingHandlerMapping : Mapped "{[/error]}" onto public org.springframework.http.ResponseEntity<java.util.Map<java.lang.String, java.lang.Object>> org.springframework.boot.autoconfigure.web.BasicErrorController.error(javax.servlet.http.HttpServletRequest)
2016-09-13 08:46:12.166  INFO 8166 --- [           main] o.s.w.s.handler.SimpleUrlHandlerMapping  : Mapped URL path [/webjars/**] onto handler of type [class org.springframework.web.servlet.resource.ResourceHttpRequestHandler]
2016-09-13 08:46:12.166  INFO 8166 --- [           main] o.s.w.s.handler.SimpleUrlHandlerMapping  : Mapped URL path [/**] onto handler of type [class org.springframework.web.servlet.resource.ResourceHttpRequestHandler]
2016-09-13 08:46:15.328  INFO 8166 --- [           main] o.s.w.s.handler.SimpleUrlHandlerMapping  : Mapped URL path [/**/favicon.ico] onto handler of type [class org.springframework.web.servlet.resource.ResourceHttpRequestHandler]
