2016-09-16 07:58:54.036  INFO 15185 --- [           main] s.c.a.AnnotationConfigApplicationContext : Refreshing org.springframework.context.annotation.AnnotationConfigApplicationContext@62898164: startup date [Fri Sep 16 07:58:54 CEST 2016]; root of context hierarchy
2016-09-16 07:58:57.398  INFO 15185 --- [           main] f.a.AutowiredAnnotationBeanPostProcessor : JSR-330 'javax.inject.Inject' annotation found and supported for autowiring
2016-09-16 07:58:57.675  INFO 15185 --- [           main] trationDelegate$BeanPostProcessorChecker : Bean 'configurationPropertiesRebinderAutoConfiguration' of type [class org.springframework.cloud.autoconfigure.ConfigurationPropertiesRebinderAutoConfiguration$$EnhancerBySpringCGLIB$$87a45135] is not eligible for getting processed by all BeanPostProcessors (for example: not eligible for auto-proxying)

  .   ____          _            __ _ _
 /\\ / ___'_ __ _ _(_)_ __  __ _ \ \ \ \
( ( )\___ | '_ | '_| | '_ \/ _` | \ \ \ \
 \\/  ___)| |_)| | | | | || (_| |  ) ) ) )
  '  |____| .__|_| |_|_| |_\__, | / / / /
 =========|_|==============|___/=/_/_/_/
 :: Spring Boot ::        (v1.3.5.RELEASE)

2016-09-16 07:59:05.271  INFO 15185 --- [           main] i.m.ms.service.login.LoginServer         : No active profile set, falling back to default profiles: default
2016-09-16 07:59:05.411  INFO 15185 --- [           main] ationConfigEmbeddedWebApplicationContext : Refreshing org.springframework.boot.context.embedded.AnnotationConfigEmbeddedWebApplicationContext@61531967: startup date [Fri Sep 16 07:59:05 CEST 2016]; parent: org.springframework.context.annotation.AnnotationConfigApplicationContext@62898164
2016-09-16 07:59:17.126  WARN 15185 --- [           main] o.s.c.a.ConfigurationClassPostProcessor  : Cannot enhance @Configuration bean definition 'refreshScope' since its singleton instance has been created too early. The typical cause is a non-static @Bean method with a BeanDefinitionRegistryPostProcessor return type: Consider declaring such methods as 'static'.
2016-09-16 07:59:19.082  INFO 15185 --- [           main] o.s.cloud.context.scope.GenericScope     : BeanFactory id=f3a0ed84-3b54-3a9d-b099-c7ff5f41feb1
2016-09-16 07:59:19.167  INFO 15185 --- [           main] f.a.AutowiredAnnotationBeanPostProcessor : JSR-330 'javax.inject.Inject' annotation found and supported for autowiring
2016-09-16 07:59:19.454  INFO 15185 --- [           main] trationDelegate$BeanPostProcessorChecker : Bean 'org.springframework.cloud.autoconfigure.ConfigurationPropertiesRebinderAutoConfiguration' of type [class org.springframework.cloud.autoconfigure.ConfigurationPropertiesRebinderAutoConfiguration$$EnhancerBySpringCGLIB$$87a45135] is not eligible for getting processed by all BeanPostProcessors (for example: not eligible for auto-proxying)
2016-09-16 07:59:19.579  INFO 15185 --- [           main] trationDelegate$BeanPostProcessorChecker : Bean 'org.springframework.cloud.autoconfigure.RefreshEndpointAutoConfiguration' of type [class org.springframework.cloud.autoconfigure.RefreshEndpointAutoConfiguration$$EnhancerBySpringCGLIB$$3103532b] is not eligible for getting processed by all BeanPostProcessors (for example: not eligible for auto-proxying)
2016-09-16 07:59:22.652  INFO 15185 --- [           main] s.b.c.e.t.TomcatEmbeddedServletContainer : Tomcat initialized with port(s): 2000 (http)
2016-09-16 07:59:22.794  INFO 15185 --- [           main] o.apache.catalina.core.StandardService   : Starting service Tomcat
2016-09-16 07:59:22.796  INFO 15185 --- [           main] org.apache.catalina.core.StandardEngine  : Starting Servlet Engine: Apache Tomcat/8.0.33
2016-09-16 07:59:23.772  INFO 15185 --- [ost-startStop-1] o.a.c.c.C.[Tomcat].[localhost].[/]       : Initializing Spring embedded WebApplicationContext
2016-09-16 07:59:23.773  INFO 15185 --- [ost-startStop-1] o.s.web.context.ContextLoader            : Root WebApplicationContext: initialization completed in 18362 ms
2016-09-16 07:59:29.721  INFO 15185 --- [ost-startStop-1] o.s.b.c.e.ServletRegistrationBean        : Mapping servlet: 'dispatcherServlet' to [/]
2016-09-16 07:59:29.790  INFO 15185 --- [ost-startStop-1] o.s.b.c.embedded.FilterRegistrationBean  : Mapping filter: 'metricFilter' to: [/*]
2016-09-16 07:59:29.791  INFO 15185 --- [ost-startStop-1] o.s.b.c.embedded.FilterRegistrationBean  : Mapping filter: 'characterEncodingFilter' to: [/*]
2016-09-16 07:59:29.792  INFO 15185 --- [ost-startStop-1] o.s.b.c.embedded.FilterRegistrationBean  : Mapping filter: 'hiddenHttpMethodFilter' to: [/*]
2016-09-16 07:59:29.792  INFO 15185 --- [ost-startStop-1] o.s.b.c.embedded.FilterRegistrationBean  : Mapping filter: 'httpPutFormContentFilter' to: [/*]
2016-09-16 07:59:29.792  INFO 15185 --- [ost-startStop-1] o.s.b.c.embedded.FilterRegistrationBean  : Mapping filter: 'requestContextFilter' to: [/*]
2016-09-16 07:59:29.793  INFO 15185 --- [ost-startStop-1] o.s.b.c.embedded.FilterRegistrationBean  : Mapping filter: 'webRequestLoggingFilter' to: [/*]
2016-09-16 07:59:29.793  INFO 15185 --- [ost-startStop-1] o.s.b.c.embedded.FilterRegistrationBean  : Mapping filter: 'applicationContextIdFilter' to: [/*]
2016-09-16 07:59:35.408  INFO 15185 --- [           main] s.w.s.m.m.a.RequestMappingHandlerAdapter : Looking for @ControllerAdvice: org.springframework.boot.context.embedded.AnnotationConfigEmbeddedWebApplicationContext@61531967: startup date [Fri Sep 16 07:59:05 CEST 2016]; parent: org.springframework.context.annotation.AnnotationConfigApplicationContext@62898164
2016-09-16 07:59:36.442  INFO 15185 --- [           main] s.w.s.m.m.a.RequestMappingHandlerMapping : Mapped "{[/info]}" onto public it.marcoberri.ms.service.login.model.InfoRestModel it.marcoberri.ms.service.login.restcontroller.LoginRestController.info()
2016-09-16 07:59:36.444  INFO 15185 --- [           main] s.w.s.m.m.a.RequestMappingHandlerMapping : Mapped "{[/echo]}" onto public java.lang.String it.marcoberri.ms.service.login.restcontroller.LoginRestController.available()
2016-09-16 07:59:36.467  INFO 15185 --- [           main] s.w.s.m.m.a.RequestMappingHandlerMapping : Mapped "{[/error],produces=[text/html]}" onto public org.springframework.web.servlet.ModelAndView org.springframework.boot.autoconfigure.web.BasicErrorController.errorHtml(javax.servlet.http.HttpServletRequest,javax.servlet.http.HttpServletResponse)
2016-09-16 07:59:36.468  INFO 15185 --- [           main] s.w.s.m.m.a.RequestMappingHandlerMapping : Mapped "{[/error]}" onto public org.springframework.http.ResponseEntity<java.util.Map<java.lang.String, java.lang.Object>> org.springframework.boot.autoconfigure.web.BasicErrorController.error(javax.servlet.http.HttpServletRequest)
2016-09-16 07:59:36.808  INFO 15185 --- [           main] o.s.w.s.handler.SimpleUrlHandlerMapping  : Mapped URL path [/webjars/**] onto handler of type [class org.springframework.web.servlet.resource.ResourceHttpRequestHandler]
2016-09-16 07:59:36.814  INFO 15185 --- [           main] o.s.w.s.handler.SimpleUrlHandlerMapping  : Mapped URL path [/**] onto handler of type [class org.springframework.web.servlet.resource.ResourceHttpRequestHandler]
2016-09-16 07:59:37.255  INFO 15185 --- [           main] o.s.w.s.handler.SimpleUrlHandlerMapping  : Mapped URL path [/**/favicon.ico] onto handler of type [class org.springframework.web.servlet.resource.ResourceHttpRequestHandler]
2016-09-16 07:59:44.067  INFO 15185 --- [           main] o.s.b.a.e.mvc.EndpointHandlerMapping     : Mapped "{[/shutdown || /shutdown.json],methods=[POST]}" onto public java.lang.Object org.springframework.boot.actuate.endpoint.mvc.ShutdownMvcEndpoint.invoke()
2016-09-16 07:59:44.068  INFO 15185 --- [           main] o.s.b.a.e.mvc.EndpointHandlerMapping     : Mapped "{[/env],methods=[POST]}" onto public java.lang.Object org.springframework.cloud.context.environment.EnvironmentManagerMvcEndpoint.value(java.util.Map<java.lang.String, java.lang.String>)
2016-09-16 07:59:44.157  INFO 15185 --- [           main] o.s.b.a.e.mvc.EndpointHandlerMapping     : Mapped "{[/env/reset],methods=[POST]}" onto public java.util.Map<java.lang.String, java.lang.Object> org.springframework.cloud.context.environment.EnvironmentManagerMvcEndpoint.reset()
2016-09-16 07:59:44.158  INFO 15185 --- [           main] o.s.b.a.e.mvc.EndpointHandlerMapping     : Mapped "{[/refresh || /refresh.json],methods=[POST]}" onto public java.lang.Object org.springframework.cloud.endpoint.GenericPostableMvcEndpoint.invoke()
2016-09-16 07:59:44.178  INFO 15185 --- [           main] o.s.b.a.e.mvc.EndpointHandlerMapping     : Mapped "{[/health || /health.json],produces=[application/json]}" onto public java.lang.Object org.springframework.boot.actuate.endpoint.mvc.HealthMvcEndpoint.invoke(java.security.Principal)
2016-09-16 07:59:44.275  INFO 15185 --- [           main] o.s.b.a.e.mvc.EndpointHandlerMapping     : Mapped "{[/resume || /resume.json],methods=[POST]}" onto public java.lang.Object org.springframework.cloud.endpoint.GenericPostableMvcEndpoint.invoke()
2016-09-16 07:59:44.304  INFO 15185 --- [           main] o.s.b.a.e.mvc.EndpointHandlerMapping     : Mapped "{[/dump || /dump.json],methods=[GET],produces=[application/json]}" onto public java.lang.Object org.springframework.boot.actuate.endpoint.mvc.EndpointMvcAdapter.invoke()
2016-09-16 07:59:44.305  INFO 15185 --- [           main] o.s.b.a.e.mvc.EndpointHandlerMapping     : Mapped "{[/configprops || /configprops.json],methods=[GET],produces=[application/json]}" onto public java.lang.Object org.springframework.boot.actuate.endpoint.mvc.EndpointMvcAdapter.invoke()
2016-09-16 07:59:44.382  INFO 15185 --- [           main] o.s.b.a.e.mvc.EndpointHandlerMapping     : Mapped "{[/pause || /pause.json],methods=[POST]}" onto public java.lang.Object org.springframework.cloud.endpoint.GenericPostableMvcEndpoint.invoke()
2016-09-16 07:59:44.427  INFO 15185 --- [           main] o.s.b.a.e.mvc.EndpointHandlerMapping     : Mapped "{[/env/{name:.*}],methods=[GET],produces=[application/json]}" onto public java.lang.Object org.springframework.boot.actuate.endpoint.mvc.EnvironmentMvcEndpoint.value(java.lang.String)
2016-09-16 07:59:44.427  INFO 15185 --- [           main] o.s.b.a.e.mvc.EndpointHandlerMapping     : Mapped "{[/env || /env.json],methods=[GET],produces=[application/json]}" onto public java.lang.Object org.springframework.boot.actuate.endpoint.mvc.EndpointMvcAdapter.invoke()
2016-09-16 07:59:44.428  INFO 15185 --- [           main] o.s.b.a.e.mvc.EndpointHandlerMapping     : Mapped "{[/features || /features.json],methods=[GET],produces=[application/json]}" onto public java.lang.Object org.springframework.boot.actuate.endpoint.mvc.EndpointMvcAdapter.invoke()
2016-09-16 07:59:44.464  INFO 15185 --- [           main] o.s.b.a.e.mvc.EndpointHandlerMapping     : Mapped "{[/metrics/{name:.*}],methods=[GET],produces=[application/json]}" onto public java.lang.Object org.springframework.boot.actuate.endpoint.mvc.MetricsMvcEndpoint.value(java.lang.String)
2016-09-16 07:59:44.464  INFO 15185 --- [           main] o.s.b.a.e.mvc.EndpointHandlerMapping     : Mapped "{[/metrics || /metrics.json],methods=[GET],produces=[application/json]}" onto public java.lang.Object org.springframework.boot.actuate.endpoint.mvc.EndpointMvcAdapter.invoke()
2016-09-16 07:59:44.591  INFO 15185 --- [           main] o.s.b.a.e.mvc.EndpointHandlerMapping     : Mapped "{[/mappings || /mappings.json],methods=[GET],produces=[application/json]}" onto public java.lang.Object org.springframework.boot.actuate.endpoint.mvc.EndpointMvcAdapter.invoke()
2016-09-16 07:59:44.592  INFO 15185 --- [           main] o.s.b.a.e.mvc.EndpointHandlerMapping     : Mapped "{[/beans || /beans.json],methods=[GET],produces=[application/json]}" onto public java.lang.Object org.springframework.boot.actuate.endpoint.mvc.EndpointMvcAdapter.invoke()
2016-09-16 07:59:44.592  INFO 15185 --- [           main] o.s.b.a.e.mvc.EndpointHandlerMapping     : Mapped "{[/archaius || /archaius.json],methods=[GET],produces=[application/json]}" onto public java.lang.Object org.springframework.boot.actuate.endpoint.mvc.EndpointMvcAdapter.invoke()
2016-09-16 07:59:44.605  INFO 15185 --- [           main] o.s.b.a.e.mvc.EndpointHandlerMapping     : Mapped "{[/info || /info.json],methods=[GET],produces=[application/json]}" onto public java.lang.Object org.springframework.boot.actuate.endpoint.mvc.EndpointMvcAdapter.invoke()
2016-09-16 07:59:44.641  INFO 15185 --- [           main] o.s.b.a.e.mvc.EndpointHandlerMapping     : Mapped "{[/autoconfig || /autoconfig.json],methods=[GET],produces=[application/json]}" onto public java.lang.Object org.springframework.boot.actuate.endpoint.mvc.EndpointMvcAdapter.invoke()
2016-09-16 07:59:44.662  INFO 15185 --- [           main] o.s.b.a.e.mvc.EndpointHandlerMapping     : Mapped "{[/trace || /trace.json],methods=[GET],produces=[application/json]}" onto public java.lang.Object org.springframework.boot.actuate.endpoint.mvc.EndpointMvcAdapter.invoke()
2016-09-16 07:59:44.677  INFO 15185 --- [           main] o.s.b.a.e.mvc.EndpointHandlerMapping     : Mapped "{[/restart || /restart.json],methods=[POST]}" onto public java.lang.Object org.springframework.cloud.context.restart.RestartMvcEndpoint.invoke()
2016-09-16 07:59:46.785  INFO 15185 --- [           main] o.s.ui.freemarker.SpringTemplateLoader   : SpringTemplateLoader for FreeMarker: using resource loader [org.springframework.boot.context.embedded.AnnotationConfigEmbeddedWebApplicationContext@61531967: startup date [Fri Sep 16 07:59:05 CEST 2016]; parent: org.springframework.context.annotation.AnnotationConfigApplicationContext@62898164] and template loader path [classpath:/templates/]
2016-09-16 07:59:46.802  INFO 15185 --- [           main] o.s.w.s.v.f.FreeMarkerConfigurer         : ClassTemplateLoader for Spring macros added to FreeMarker configuration
2016-09-16 07:59:48.212  WARN 15185 --- [           main] c.n.c.sources.URLConfigurationSource     : No URLs will be polled as dynamic configuration sources.
2016-09-16 07:59:48.222  INFO 15185 --- [           main] c.n.c.sources.URLConfigurationSource     : To enable URLs as dynamic configuration sources, define System property archaius.configurationSource.additionalUrls or make config.properties available on classpath.
2016-09-16 07:59:48.376  WARN 15185 --- [           main] c.n.c.sources.URLConfigurationSource     : No URLs will be polled as dynamic configuration sources.
2016-09-16 07:59:48.376  INFO 15185 --- [           main] c.n.c.sources.URLConfigurationSource     : To enable URLs as dynamic configuration sources, define System property archaius.configurationSource.additionalUrls or make config.properties available on classpath.
2016-09-16 07:59:49.237  INFO 15185 --- [           main] o.s.j.e.a.AnnotationMBeanExporter        : Registering beans for JMX exposure on startup
2016-09-16 07:59:49.322  INFO 15185 --- [           main] o.s.j.e.a.AnnotationMBeanExporter        : Bean with name 'refreshScope' has been autodetected for JMX exposure
2016-09-16 07:59:49.329  INFO 15185 --- [           main] o.s.j.e.a.AnnotationMBeanExporter        : Bean with name 'environmentManager' has been autodetected for JMX exposure
2016-09-16 07:59:49.348  INFO 15185 --- [           main] o.s.j.e.a.AnnotationMBeanExporter        : Bean with name 'configurationPropertiesRebinder' has been autodetected for JMX exposure
2016-09-16 07:59:49.348  INFO 15185 --- [           main] o.s.j.e.a.AnnotationMBeanExporter        : Bean with name 'refreshEndpoint' has been autodetected for JMX exposure
2016-09-16 07:59:49.349  INFO 15185 --- [           main] o.s.j.e.a.AnnotationMBeanExporter        : Bean with name 'restartEndpoint' has been autodetected for JMX exposure
2016-09-16 07:59:49.382  INFO 15185 --- [           main] o.s.j.e.a.AnnotationMBeanExporter        : Located managed bean 'environmentManager': registering with JMX server as MBean [org.springframework.cloud.context.environment:name=environmentManager,type=EnvironmentManager]
2016-09-16 07:59:49.500  INFO 15185 --- [           main] o.s.j.e.a.AnnotationMBeanExporter        : Located managed bean 'restartEndpoint': registering with JMX server as MBean [org.springframework.cloud.context.restart:name=restartEndpoint,type=RestartEndpoint]
2016-09-16 07:59:49.780  INFO 15185 --- [           main] o.s.j.e.a.AnnotationMBeanExporter        : Located managed bean 'refreshScope': registering with JMX server as MBean [org.springframework.cloud.context.scope.refresh:name=refreshScope,type=RefreshScope]
2016-09-16 07:59:50.048  INFO 15185 --- [           main] o.s.j.e.a.AnnotationMBeanExporter        : Located managed bean 'configurationPropertiesRebinder': registering with JMX server as MBean [org.springframework.cloud.context.properties:name=configurationPropertiesRebinder,context=61531967,type=ConfigurationPropertiesRebinder]
2016-09-16 07:59:50.301  INFO 15185 --- [           main] o.s.j.e.a.AnnotationMBeanExporter        : Located managed bean 'refreshEndpoint': registering with JMX server as MBean [org.springframework.cloud.endpoint:name=refreshEndpoint,type=RefreshEndpoint]
2016-09-16 07:59:54.582  INFO 15185 --- [           main] o.s.c.support.DefaultLifecycleProcessor  : Starting beans in phase 0
2016-09-16 07:59:54.661  INFO 15185 --- [           main] o.s.c.n.eureka.InstanceInfoFactory       : Setting initial instance status as: STARTING
2016-09-16 08:00:01.297  INFO 15185 --- [           main] c.n.d.provider.DiscoveryJerseyProvider   : Using JSON encoding codec LegacyJacksonJson
2016-09-16 08:00:01.330  INFO 15185 --- [           main] c.n.d.provider.DiscoveryJerseyProvider   : Using JSON decoding codec LegacyJacksonJson
2016-09-16 08:00:03.017  INFO 15185 --- [           main] c.n.d.provider.DiscoveryJerseyProvider   : Using XML encoding codec XStreamXml
2016-09-16 08:00:03.017  INFO 15185 --- [           main] c.n.d.provider.DiscoveryJerseyProvider   : Using XML decoding codec XStreamXml
2016-09-16 08:00:06.144  INFO 15185 --- [           main] c.n.d.s.r.aws.ConfigClusterResolver      : Resolving eureka endpoints via configuration
2016-09-16 08:00:06.379  INFO 15185 --- [           main] com.netflix.discovery.DiscoveryClient    : Disable delta property : false
2016-09-16 08:00:06.379  INFO 15185 --- [           main] com.netflix.discovery.DiscoveryClient    : Single vip registry refresh property : null
2016-09-16 08:00:06.379  INFO 15185 --- [           main] com.netflix.discovery.DiscoveryClient    : Force full registry fetch : false
2016-09-16 08:00:06.379  INFO 15185 --- [           main] com.netflix.discovery.DiscoveryClient    : Application is null : false
2016-09-16 08:00:06.379  INFO 15185 --- [           main] com.netflix.discovery.DiscoveryClient    : Registered Applications size is zero : true
2016-09-16 08:00:06.379  INFO 15185 --- [           main] com.netflix.discovery.DiscoveryClient    : Application version is -1: true
2016-09-16 08:00:06.380  INFO 15185 --- [           main] com.netflix.discovery.DiscoveryClient    : Getting all instance registry info from the eureka server
2016-09-16 08:00:07.900  INFO 15185 --- [           main] com.netflix.discovery.DiscoveryClient    : The response status is 200
2016-09-16 08:00:08.016  INFO 15185 --- [           main] com.netflix.discovery.DiscoveryClient    : Starting heartbeat executor: renew interval is: 5
2016-09-16 08:00:08.070  INFO 15185 --- [           main] c.n.discovery.InstanceInfoReplicator     : InstanceInfoReplicator onDemand update allowed rate per min is 4
2016-09-16 08:00:09.036  INFO 15185 --- [           main] c.n.e.EurekaDiscoveryClientConfiguration : Registering application login-service with eureka with status UP
2016-09-16 08:00:09.045  INFO 15185 --- [           main] com.netflix.discovery.DiscoveryClient    : Saw local status change event StatusChangeEvent [timestamp=1474005609044, current=UP, previous=STARTING]
2016-09-16 08:00:09.094  INFO 15185 --- [nfoReplicator-0] com.netflix.discovery.DiscoveryClient    : DiscoveryClient_LOGIN-SERVICE/marco-VirtualBox:login-service:2000: registering service...
2016-09-16 08:00:10.783  INFO 15185 --- [nfoReplicator-0] com.netflix.discovery.DiscoveryClient    : DiscoveryClient_LOGIN-SERVICE/marco-VirtualBox:login-service:2000 - registration status: 204
2016-09-16 08:00:10.838  INFO 15185 --- [           main] s.b.c.e.t.TomcatEmbeddedServletContainer : Tomcat started on port(s): 2000 (http)
2016-09-16 08:00:10.839  INFO 15185 --- [           main] c.n.e.EurekaDiscoveryClientConfiguration : Updating port to 2000
2016-09-16 08:00:10.856  INFO 15185 --- [           main] i.m.ms.service.login.LoginServer         : Started LoginServer in 81.835 seconds (JVM running for 86.482)
2016-09-16 08:00:37.902  INFO 15185 --- [freshExecutor-0] com.netflix.discovery.DiscoveryClient    : Disable delta property : false
2016-09-16 08:00:37.903  INFO 15185 --- [freshExecutor-0] com.netflix.discovery.DiscoveryClient    : Single vip registry refresh property : null
2016-09-16 08:00:37.903  INFO 15185 --- [freshExecutor-0] com.netflix.discovery.DiscoveryClient    : Force full registry fetch : false
2016-09-16 08:00:37.903  INFO 15185 --- [freshExecutor-0] com.netflix.discovery.DiscoveryClient    : Application is null : false
2016-09-16 08:00:37.903  INFO 15185 --- [freshExecutor-0] com.netflix.discovery.DiscoveryClient    : Registered Applications size is zero : true
2016-09-16 08:00:37.903  INFO 15185 --- [freshExecutor-0] com.netflix.discovery.DiscoveryClient    : Application version is -1: false
2016-09-16 08:00:37.903  INFO 15185 --- [freshExecutor-0] com.netflix.discovery.DiscoveryClient    : Getting all instance registry info from the eureka server
2016-09-16 08:00:37.986  INFO 15185 --- [freshExecutor-0] com.netflix.discovery.DiscoveryClient    : The response status is 200
2016-09-16 08:00:57.911  INFO 15185 --- [nio-2000-exec-1] o.a.c.c.C.[Tomcat].[localhost].[/]       : Initializing Spring FrameworkServlet 'dispatcherServlet'
2016-09-16 08:00:57.911  INFO 15185 --- [nio-2000-exec-1] o.s.web.servlet.DispatcherServlet        : FrameworkServlet 'dispatcherServlet': initialization started
2016-09-16 08:00:57.949  INFO 15185 --- [nio-2000-exec-1] o.s.web.servlet.DispatcherServlet        : FrameworkServlet 'dispatcherServlet': initialization completed in 38 ms
